0 info it worked if it ends with ok
1 verbose cli [ '/usr/local/bin/node', '/usr/local/bin/npm', 'run', 's' ]
2 info using npm@3.9.5
3 info using node@v5.9.1
4 verbose run-script [ 'pres', 's', 'posts' ]
5 info lifecycle testing-controllers@1.0.0~pres: testing-controllers@1.0.0
6 silly lifecycle testing-controllers@1.0.0~pres: no script for pres, continuing
7 info lifecycle testing-controllers@1.0.0~s: testing-controllers@1.0.0
8 verbose lifecycle testing-controllers@1.0.0~s: unsafe-perm in lifecycle true
9 verbose lifecycle testing-controllers@1.0.0~s: PATH: /usr/local/lib/node_modules/npm/bin/node-gyp-bin:/Users/gaoyuan/Desktop/for angular assessment/angular-assessment/client/node_modules/.bin:/usr/local/bin:/Users/gaoyuan/.rbenv/shims:/Users/gaoyuan/.rbenv/plugins/ruby-build/bin:/Users/gaoyuan/.rbenv/bin:/usr/local/bin:/usr/bin:/bin:/usr/sbin:/sbin:/opt/X11/bin
10 verbose lifecycle testing-controllers@1.0.0~s: CWD: /Users/gaoyuan/Desktop/for angular assessment/angular-assessment/client
11 silly lifecycle testing-controllers@1.0.0~s: Args: [ '-c', 'node server.js' ]
12 silly lifecycle testing-controllers@1.0.0~s: Returned: code: 1  signal: null
13 info lifecycle testing-controllers@1.0.0~s: Failed to exec s script
14 verbose stack Error: testing-controllers@1.0.0 s: `node server.js`
14 verbose stack Exit status 1
14 verbose stack     at EventEmitter.<anonymous> (/usr/local/lib/node_modules/npm/lib/utils/lifecycle.js:245:16)
14 verbose stack     at emitTwo (events.js:100:13)
14 verbose stack     at EventEmitter.emit (events.js:185:7)
14 verbose stack     at ChildProcess.<anonymous> (/usr/local/lib/node_modules/npm/lib/utils/spawn.js:24:14)
14 verbose stack     at emitTwo (events.js:100:13)
14 verbose stack     at ChildProcess.emit (events.js:185:7)
14 verbose stack     at maybeClose (internal/child_process.js:850:16)
14 verbose stack     at Process.ChildProcess._handle.onexit (internal/child_process.js:215:5)
15 verbose pkgid testing-controllers@1.0.0
16 verbose cwd /Users/gaoyuan/Desktop/for angular assessment/angular-assessment/client
17 error Darwin 14.5.0
18 error argv "/usr/local/bin/node" "/usr/local/bin/npm" "run" "s"
19 error node v5.9.1
20 error npm  v3.9.5
21 error code ELIFECYCLE
22 error testing-controllers@1.0.0 s: `node server.js`
22 error Exit status 1
23 error Failed at the testing-controllers@1.0.0 s script 'node server.js'.
23 error Make sure you have the latest version of node.js and npm installed.
23 error If you do, this is most likely a problem with the testing-controllers package,
23 error not with npm itself.
23 error Tell the author that this fails on your system:
23 error     node server.js
23 error You can get information on how to open an issue for this project with:
23 error     npm bugs testing-controllers
23 error Or if that isn't available, you can get their info via:
23 error     npm owner ls testing-controllers
23 error There is likely additional logging output above.
24 verbose exit [ 1, true ]
